<?xml version="1.0" encoding="UTF-8"?>
<!-- Generated by org.testng.reporters.JUnitReportReporter -->
<testsuite hostname="MacBook-Pro.local" failures="0" tests="2" name="DriverTest" time="15.416" errors="0" timestamp="2022-05-26T18:22:17 CDT" skipped="0">
  <testcase classname="DriverTest" name="getEdgeDriverTest" time="6.919"/>
  <system-out/>
  <testcase classname="DriverTest" name="getChromeDriverTest" time="8.497"/>
  <system-out/>
</testsuite> <!-- DriverTest -->
