<?xml version="1.0" encoding="UTF-8"?>
<!-- Generated by org.testng.reporters.JUnitReportReporter -->
<testsuite hostname="MacBook-Pro.local" failures="0" tests="1" name="DriverTest" time="2.242" errors="0" timestamp="2022-05-26T22:50:02 CDT" skipped="0">
  <testcase classname="DriverTest" name="getDriverTest" time="2.242"/>
  <system-out/>
</testsuite> <!-- DriverTest -->
