<?xml version="1.0" encoding="UTF-8"?>
<!-- Generated by org.testng.reporters.JUnitReportReporter -->
<testsuite hostname="MacBook-Pro.local" failures="0" tests="1" name="DriverTest" time="2.263" errors="0" timestamp="2022-05-26T23:29:11 CDT" skipped="0">
  <testcase classname="DriverTest" name="getDriverTest" time="2.263"/>
  <system-out/>
</testsuite> <!-- DriverTest -->
