<?xml version="1.0" encoding="UTF-8"?>
<!-- Generated by org.testng.reporters.JUnitReportReporter -->
<testsuite hostname="MacBook-Pro.local" failures="0" tests="1" name="getDriverTest" time="0.006" errors="0" timestamp="2022-05-26T14:05:11 CDT" skipped="0">
  <testcase classname="getDriverTest" name="f" time="0.006"/>
  <system-out/>
</testsuite> <!-- getDriverTest -->
