<?xml version="1.0" encoding="UTF-8"?>
<!-- Generated by org.testng.reporters.JUnitReportReporter -->
<testsuite hostname="MacBook-Pro.local" failures="0" tests="1" name="util.Setting" time="0.008" errors="0" timestamp="2022-05-26T19:02:45 CDT" skipped="0">
  <testcase classname="util.Setting" name="readPropertiesFile" time="0.008"/>
  <system-out/>
</testsuite> <!-- util.Setting -->
